<testsuites id="" name="" tests="12" failures="12" skipped="0" errors="0" time="4.00355">
<testsuite name="coupon-flow.spec.js" timestamp="2025-07-05T11:26:26.115Z" hostname="chromium" tests="12" failures="12" skipped="0" time="0.023" errors="0">
<testcase name="優惠券管理流程 › 管理員創建優惠券流程" classname="coupon-flow.spec.js" time="0.002">
<failure message="coupon-flow.spec.js:35:3 管理員創建優惠券流程" type="FAILURE">
<![CDATA[  [chromium] › coupon-flow.spec.js:35:3 › 優惠券管理流程 › 管理員創建優惠券流程 ─────────────────────────────────────

    Error: browserType.launch: Executable doesn't exist at /Users/james/Library/Caches/ms-playwright/chromium-1179/chrome-mac/Chromium.app/Contents/MacOS/Chromium
    ╔═════════════════════════════════════════════════════════════════════════╗
    ║ Looks like Playwright Test or Playwright was just installed or updated. ║
    ║ Please run the following command to download new browsers:              ║
    ║                                                                         ║
    ║     npx playwright install                                              ║
    ║                                                                         ║
    ║ <3 Playwright Team                                                      ║
    ╚═════════════════════════════════════════════════════════════════════════╝
]]>
</failure>
</testcase>
<testcase name="優惠券管理流程 › 管理員批次創建優惠券流程" classname="coupon-flow.spec.js" time="0.002">
<failure message="coupon-flow.spec.js:84:3 管理員批次創建優惠券流程" type="FAILURE">
<![CDATA[  [chromium] › coupon-flow.spec.js:84:3 › 優惠券管理流程 › 管理員批次創建優惠券流程 ───────────────────────────────────

    Error: browserType.launch: Executable doesn't exist at /Users/james/Library/Caches/ms-playwright/chromium-1179/chrome-mac/Chromium.app/Contents/MacOS/Chromium
    ╔═════════════════════════════════════════════════════════════════════════╗
    ║ Looks like Playwright Test or Playwright was just installed or updated. ║
    ║ Please run the following command to download new browsers:              ║
    ║                                                                         ║
    ║     npx playwright install                                              ║
    ║                                                                         ║
    ║ <3 Playwright Team                                                      ║
    ╚═════════════════════════════════════════════════════════════════════════╝
]]>
</failure>
</testcase>
<testcase name="優惠券管理流程 › 管理員分發優惠券流程" classname="coupon-flow.spec.js" time="0.002">
<failure message="coupon-flow.spec.js:126:3 管理員分發優惠券流程" type="FAILURE">
<![CDATA[  [chromium] › coupon-flow.spec.js:126:3 › 優惠券管理流程 › 管理員分發優惠券流程 ────────────────────────────────────

    Error: browserType.launch: Executable doesn't exist at /Users/james/Library/Caches/ms-playwright/chromium-1179/chrome-mac/Chromium.app/Contents/MacOS/Chromium
    ╔═════════════════════════════════════════════════════════════════════════╗
    ║ Looks like Playwright Test or Playwright was just installed or updated. ║
    ║ Please run the following command to download new browsers:              ║
    ║                                                                         ║
    ║     npx playwright install                                              ║
    ║                                                                         ║
    ║ <3 Playwright Team                                                      ║
    ╚═════════════════════════════════════════════════════════════════════════╝
]]>
</failure>
</testcase>
<testcase name="優惠券管理流程 › 管理員查看優惠券統計" classname="coupon-flow.spec.js" time="0.002">
<failure message="coupon-flow.spec.js:153:3 管理員查看優惠券統計" type="FAILURE">
<![CDATA[  [chromium] › coupon-flow.spec.js:153:3 › 優惠券管理流程 › 管理員查看優惠券統計 ────────────────────────────────────

    Error: browserType.launch: Executable doesn't exist at /Users/james/Library/Caches/ms-playwright/chromium-1179/chrome-mac/Chromium.app/Contents/MacOS/Chromium
    ╔═════════════════════════════════════════════════════════════════════════╗
    ║ Looks like Playwright Test or Playwright was just installed or updated. ║
    ║ Please run the following command to download new browsers:              ║
    ║                                                                         ║
    ║     npx playwright install                                              ║
    ║                                                                         ║
    ║ <3 Playwright Team                                                      ║
    ╚═════════════════════════════════════════════════════════════════════════╝
]]>
</failure>
</testcase>
<testcase name="優惠券管理流程 › 管理員篩選和搜尋優惠券" classname="coupon-flow.spec.js" time="0.002">
<failure message="coupon-flow.spec.js:175:3 管理員篩選和搜尋優惠券" type="FAILURE">
<![CDATA[  [chromium] › coupon-flow.spec.js:175:3 › 優惠券管理流程 › 管理員篩選和搜尋優惠券 ───────────────────────────────────

    Error: browserType.launch: Executable doesn't exist at /Users/james/Library/Caches/ms-playwright/chromium-1179/chrome-mac/Chromium.app/Contents/MacOS/Chromium
    ╔═════════════════════════════════════════════════════════════════════════╗
    ║ Looks like Playwright Test or Playwright was just installed or updated. ║
    ║ Please run the following command to download new browsers:              ║
    ║                                                                         ║
    ║     npx playwright install                                              ║
    ║                                                                         ║
    ║ <3 Playwright Team                                                      ║
    ╚═════════════════════════════════════════════════════════════════════════╝
]]>
</failure>
</testcase>
<testcase name="優惠券管理流程 › 管理員編輯優惠券" classname="coupon-flow.spec.js" time="0.002">
<failure message="coupon-flow.spec.js:208:3 管理員編輯優惠券" type="FAILURE">
<![CDATA[  [chromium] › coupon-flow.spec.js:208:3 › 優惠券管理流程 › 管理員編輯優惠券 ──────────────────────────────────────

    Error: browserType.launch: Executable doesn't exist at /Users/james/Library/Caches/ms-playwright/chromium-1179/chrome-mac/Chromium.app/Contents/MacOS/Chromium
    ╔═════════════════════════════════════════════════════════════════════════╗
    ║ Looks like Playwright Test or Playwright was just installed or updated. ║
    ║ Please run the following command to download new browsers:              ║
    ║                                                                         ║
    ║     npx playwright install                                              ║
    ║                                                                         ║
    ║ <3 Playwright Team                                                      ║
    ╚═════════════════════════════════════════════════════════════════════════╝
]]>
</failure>
</testcase>
<testcase name="優惠券管理流程 › 管理員查看優惠券使用記錄" classname="coupon-flow.spec.js" time="0.003">
<failure message="coupon-flow.spec.js:237:3 管理員查看優惠券使用記錄" type="FAILURE">
<![CDATA[  [chromium] › coupon-flow.spec.js:237:3 › 優惠券管理流程 › 管理員查看優惠券使用記錄 ──────────────────────────────────

    Error: browserType.launch: Executable doesn't exist at /Users/james/Library/Caches/ms-playwright/chromium-1179/chrome-mac/Chromium.app/Contents/MacOS/Chromium
    ╔═════════════════════════════════════════════════════════════════════════╗
    ║ Looks like Playwright Test or Playwright was just installed or updated. ║
    ║ Please run the following command to download new browsers:              ║
    ║                                                                         ║
    ║     npx playwright install                                              ║
    ║                                                                         ║
    ║ <3 Playwright Team                                                      ║
    ╚═════════════════════════════════════════════════════════════════════════╝
]]>
</failure>
</testcase>
<testcase name="優惠券管理流程 › 用戶查看可用優惠券" classname="coupon-flow.spec.js" time="0.002">
<failure message="coupon-flow.spec.js:256:3 用戶查看可用優惠券" type="FAILURE">
<![CDATA[  [chromium] › coupon-flow.spec.js:256:3 › 優惠券管理流程 › 用戶查看可用優惠券 ─────────────────────────────────────

    Error: browserType.launch: Executable doesn't exist at /Users/james/Library/Caches/ms-playwright/chromium-1179/chrome-mac/Chromium.app/Contents/MacOS/Chromium
    ╔═════════════════════════════════════════════════════════════════════════╗
    ║ Looks like Playwright Test or Playwright was just installed or updated. ║
    ║ Please run the following command to download new browsers:              ║
    ║                                                                         ║
    ║     npx playwright install                                              ║
    ║                                                                         ║
    ║ <3 Playwright Team                                                      ║
    ╚═════════════════════════════════════════════════════════════════════════╝
]]>
</failure>
</testcase>
<testcase name="優惠券管理流程 › 優惠券驗證流程" classname="coupon-flow.spec.js" time="0.001">
<failure message="coupon-flow.spec.js:284:3 優惠券驗證流程" type="FAILURE">
<![CDATA[  [chromium] › coupon-flow.spec.js:284:3 › 優惠券管理流程 › 優惠券驗證流程 ───────────────────────────────────────

    Error: browserType.launch: Executable doesn't exist at /Users/james/Library/Caches/ms-playwright/chromium-1179/chrome-mac/Chromium.app/Contents/MacOS/Chromium
    ╔═════════════════════════════════════════════════════════════════════════╗
    ║ Looks like Playwright Test or Playwright was just installed or updated. ║
    ║ Please run the following command to download new browsers:              ║
    ║                                                                         ║
    ║     npx playwright install                                              ║
    ║                                                                         ║
    ║ <3 Playwright Team                                                      ║
    ╚═════════════════════════════════════════════════════════════════════════╝
]]>
</failure>
</testcase>
<testcase name="優惠券管理流程 › 優惠券過期處理" classname="coupon-flow.spec.js" time="0.002">
<failure message="coupon-flow.spec.js:311:3 優惠券過期處理" type="FAILURE">
<![CDATA[  [chromium] › coupon-flow.spec.js:311:3 › 優惠券管理流程 › 優惠券過期處理 ───────────────────────────────────────

    Error: browserType.launch: Executable doesn't exist at /Users/james/Library/Caches/ms-playwright/chromium-1179/chrome-mac/Chromium.app/Contents/MacOS/Chromium
    ╔═════════════════════════════════════════════════════════════════════════╗
    ║ Looks like Playwright Test or Playwright was just installed or updated. ║
    ║ Please run the following command to download new browsers:              ║
    ║                                                                         ║
    ║     npx playwright install                                              ║
    ║                                                                         ║
    ║ <3 Playwright Team                                                      ║
    ╚═════════════════════════════════════════════════════════════════════════╝
]]>
</failure>
</testcase>
<testcase name="優惠券管理流程 › 響應式設計測試" classname="coupon-flow.spec.js" time="0.001">
<failure message="coupon-flow.spec.js:331:3 響應式設計測試" type="FAILURE">
<![CDATA[  [chromium] › coupon-flow.spec.js:331:3 › 優惠券管理流程 › 響應式設計測試 ───────────────────────────────────────

    Error: browserType.launch: Executable doesn't exist at /Users/james/Library/Caches/ms-playwright/chromium-1179/chrome-mac/Chromium.app/Contents/MacOS/Chromium
    ╔═════════════════════════════════════════════════════════════════════════╗
    ║ Looks like Playwright Test or Playwright was just installed or updated. ║
    ║ Please run the following command to download new browsers:              ║
    ║                                                                         ║
    ║     npx playwright install                                              ║
    ║                                                                         ║
    ║ <3 Playwright Team                                                      ║
    ╚═════════════════════════════════════════════════════════════════════════╝
]]>
</failure>
</testcase>
<testcase name="優惠券管理流程 › 優惠券功能性能測試" classname="coupon-flow.spec.js" time="0.002">
<failure message="coupon-flow.spec.js:355:3 優惠券功能性能測試" type="FAILURE">
<![CDATA[  [chromium] › coupon-flow.spec.js:355:3 › 優惠券管理流程 › 優惠券功能性能測試 ─────────────────────────────────────

    Error: browserType.launch: Executable doesn't exist at /Users/james/Library/Caches/ms-playwright/chromium-1179/chrome-mac/Chromium.app/Contents/MacOS/Chromium
    ╔═════════════════════════════════════════════════════════════════════════╗
    ║ Looks like Playwright Test or Playwright was just installed or updated. ║
    ║ Please run the following command to download new browsers:              ║
    ║                                                                         ║
    ║     npx playwright install                                              ║
    ║                                                                         ║
    ║ <3 Playwright Team                                                      ║
    ╚═════════════════════════════════════════════════════════════════════════╝
]]>
</failure>
</testcase>
</testsuite>
</testsuites>